This is pdfTeX, Version 3.141592653-2.6-1.40.22 (TeX Live 2021) (preloaded format=pdflatex 2021.6.1)  9 JUN 2021 09:36
entering extended mode
 restricted \write18 enabled.
 %&-line parsing enabled.
**meeting_notes_061021.tex
(./meeting_notes_061021.tex
LaTeX2e <2020-10-01> patch level 4
L3 programming layer <2021-05-27>
(/Users/000766412/Library/TinyTeX/texmf-dist/tex/latex/base/article.cls
Document Class: article 2020/04/10 v1.4m Standard LaTeX document class
(/Users/000766412/Library/TinyTeX/texmf-dist/tex/latex/base/size10.clo
File: size10.clo 2020/04/10 v1.4m Standard LaTeX file (size option)
)
\c@part=\count181
\c@section=\count182
\c@subsection=\count183
\c@subsubsection=\count184
\c@paragraph=\count185
\c@subparagraph=\count186
\c@figure=\count187
\c@table=\count188
\abovecaptionskip=\skip47
\belowcaptionskip=\skip48
\bibindent=\dimen138
)
(/Users/000766412/Library/TinyTeX/texmf-dist/tex/latex/graphics/graphicx.sty
Package: graphicx 2020/09/09 v1.2b Enhanced LaTeX Graphics (DPC,SPQR)

(/Users/000766412/Library/TinyTeX/texmf-dist/tex/latex/graphics/keyval.sty
Package: keyval 2014/10/28 v1.15 key=value parser (DPC)
\KV@toks@=\toks15
)
(/Users/000766412/Library/TinyTeX/texmf-dist/tex/latex/graphics/graphics.sty
Package: graphics 2020/08/30 v1.4c Standard LaTeX Graphics (DPC,SPQR)

(/Users/000766412/Library/TinyTeX/texmf-dist/tex/latex/graphics/trig.sty
Package: trig 2016/01/03 v1.10 sin cos tan (DPC)
)
(/Users/000766412/Library/TinyTeX/texmf-dist/tex/latex/graphics-cfg/graphics.cf
g
File: graphics.cfg 2016/06/04 v1.11 sample graphics configuration
)
Package graphics Info: Driver file: pdftex.def on input line 105.

(/Users/000766412/Library/TinyTeX/texmf-dist/tex/latex/graphics-def/pdftex.def
File: pdftex.def 2020/10/05 v1.2a Graphics/color driver for pdftex
))
\Gin@req@height=\dimen139
\Gin@req@width=\dimen140
) (/Users/000766412/Library/TinyTeX/texmf-dist/tex/latex/graphics/color.sty
Package: color 2020/02/24 v1.2b Standard LaTeX Color (DPC)

(/Users/000766412/Library/TinyTeX/texmf-dist/tex/latex/graphics-cfg/color.cfg
File: color.cfg 2016/01/02 v1.6 sample color configuration
)
Package color Info: Driver file: pdftex.def on input line 147.
) (/Users/000766412/Library/TinyTeX/texmf-dist/tex/latex/framed/framed.sty
Package: framed 2011/10/22 v 0.96: framed or shaded text with page breaks
\OuterFrameSep=\skip49
\fb@frw=\dimen141
\fb@frh=\dimen142
\FrameRule=\dimen143
\FrameSep=\dimen144
)
(/Users/000766412/Library/TinyTeX/texmf-dist/tex/latex/base/alltt.sty
Package: alltt 1997/06/16 v2.0g defines alltt environment
)
(/Users/000766412/Library/TinyTeX/texmf-dist/tex/latex/amsmath/amsmath.sty
Package: amsmath 2020/09/23 v2.17i AMS math features
\@mathmargin=\skip50

For additional information on amsmath, use the `?' option.
(/Users/000766412/Library/TinyTeX/texmf-dist/tex/latex/amsmath/amstext.sty
Package: amstext 2000/06/29 v2.01 AMS text

(/Users/000766412/Library/TinyTeX/texmf-dist/tex/latex/amsmath/amsgen.sty
File: amsgen.sty 1999/11/30 v2.0 generic functions
\@emptytoks=\toks16
\ex@=\dimen145
))
(/Users/000766412/Library/TinyTeX/texmf-dist/tex/latex/amsmath/amsbsy.sty
Package: amsbsy 1999/11/29 v1.2d Bold Symbols
\pmbraise@=\dimen146
)
(/Users/000766412/Library/TinyTeX/texmf-dist/tex/latex/amsmath/amsopn.sty
Package: amsopn 2016/03/08 v2.02 operator names
)
\inf@bad=\count189
LaTeX Info: Redefining \frac on input line 234.
\uproot@=\count190
\leftroot@=\count191
LaTeX Info: Redefining \overline on input line 399.
\classnum@=\count192
\DOTSCASE@=\count193
LaTeX Info: Redefining \ldots on input line 496.
LaTeX Info: Redefining \dots on input line 499.
LaTeX Info: Redefining \cdots on input line 620.
\Mathstrutbox@=\box47
\strutbox@=\box48
\big@size=\dimen147
LaTeX Font Info:    Redeclaring font encoding OML on input line 743.
LaTeX Font Info:    Redeclaring font encoding OMS on input line 744.
\macc@depth=\count194
\c@MaxMatrixCols=\count195
\dotsspace@=\muskip16
\c@parentequation=\count196
\dspbrk@lvl=\count197
\tag@help=\toks17
\row@=\count198
\column@=\count199
\maxfields@=\count266
\andhelp@=\toks18
\eqnshift@=\dimen148
\alignsep@=\dimen149
\tagshift@=\dimen150
\tagwidth@=\dimen151
\totwidth@=\dimen152
\lineht@=\dimen153
\@envbody=\toks19
\multlinegap=\skip51
\multlinetaggap=\skip52
\mathdisplay@stack=\toks20
LaTeX Info: Redefining \[ on input line 2923.
LaTeX Info: Redefining \] on input line 2924.
)
(/Users/000766412/Library/TinyTeX/texmf-dist/tex/latex/upquote/upquote.sty
Package: upquote 2012/04/19 v1.3 upright-quote and grave-accent glyphs in verba
tim
)
(/Users/000766412/Library/TinyTeX/texmf-dist/tex/latex/l3backend/l3backend-pdft
ex.def
File: l3backend-pdftex.def 2021-05-07 L3 backend support: PDF output (pdfTeX)
\l__color_backend_stack_int=\count267
\l__pdf_internal_box=\box49
) (./meeting_notes_061021.aux)
\openout1 = `meeting_notes_061021.aux'.

LaTeX Font Info:    Checking defaults for OML/cmm/m/it on input line 54.
LaTeX Font Info:    ... okay on input line 54.
LaTeX Font Info:    Checking defaults for OMS/cmsy/m/n on input line 54.
LaTeX Font Info:    ... okay on input line 54.
LaTeX Font Info:    Checking defaults for OT1/cmr/m/n on input line 54.
LaTeX Font Info:    ... okay on input line 54.
LaTeX Font Info:    Checking defaults for T1/cmr/m/n on input line 54.
LaTeX Font Info:    ... okay on input line 54.
LaTeX Font Info:    Checking defaults for TS1/cmr/m/n on input line 54.
LaTeX Font Info:    ... okay on input line 54.
LaTeX Font Info:    Checking defaults for OMX/cmex/m/n on input line 54.
LaTeX Font Info:    ... okay on input line 54.
LaTeX Font Info:    Checking defaults for U/cmr/m/n on input line 54.
LaTeX Font Info:    ... okay on input line 54.

(/Users/000766412/Library/TinyTeX/texmf-dist/tex/latex/epstopdf-pkg/epstopdf-ba
se.sty
Package: epstopdf-base 2020-01-24 v2.11 Base part for package epstopdf
Package epstopdf-base Info: Redefining graphics rule for `.eps' on input line 4
85.

(/Users/000766412/Library/TinyTeX/texmf-dist/tex/latex/latexconfig/epstopdf-sys
.cfg
File: epstopdf-sys.cfg 2010/07/13 v1.3 Configuration of (r)epstopdf for TeX Liv
e
))
Overfull \hbox (95.0215pt too wide) detected at line 62
[]
 []


Overfull \hbox (25.81776pt too wide) in paragraph at lines 62--66
\OT1/cmr/m/n/10 where $^^F[] = []$, 
 []


Overfull \hbox (29.93002pt too wide) in paragraph at lines 62--66
\OML/cmm/m/it/10 ^^O[] [] N\OT1/cmr/m/n/10 (0\OML/cmm/m/it/10 ; \OT1/cmr/m/n/10
 1)\OML/cmm/m/it/10 ; k \OT1/cmr/m/n/10 = \OMS/cmsy/m/n/10 f\OML/cmm/m/it/10 y[
]; y[]; v[]; v[]\OMS/cmsy/m/n/10 g$\OT1/cmr/m/n/10 , $\OML/cmm/m/it/10 ^^X[] []
 [][]\OT1/cmr/m/n/10 (\OML/cmm/m/it/10 ^^V[]; ^^W[]\OT1/cmr/m/n/10 )$, $\OML/cm
m/m/it/10 ^^X[] [] [][]\OT1/cmr/m/n/10 (\OML/cmm/m/it/10 ^^V[]; ^^W[]\OT1/cmr/m
/n/10 )$,
 []


Overfull \hbox (105.39359pt too wide) in paragraph at lines 62--66
[][] \OT1/cmr/m/n/10 = [\OML/cmm/m/it/10 ^^X[]; ^^X[]\OT1/cmr/m/n/10 ][] [] [][
]([][]\OML/cmm/m/it/10 ; [][]\OT1/cmr/m/n/10 )$, $[]$,
 []


Overfull \hbox (20.92844pt too wide) detected at line 74
[]
 []

[1

{/Users/000766412/Library/TinyTeX/texmf-var/fonts/map/pdftex/updmap/pdftex.map}
]
Package color Info: Redefining color shadecolor on input line 87.
Package color Info: Redefining color shadecolor on input line 114.
LaTeX Font Info:    Font shape `OT1/cmtt/bx/n' in size <10> not available
(Font)              Font shape `OT1/cmtt/m/n' tried instead on input line 119.

Overfull \hbox (122.24593pt too wide) in paragraph at lines 121--121
[]  []\OT1/cmtt/m/n/10 mutate[][]([][]variable[] []=[] []factor[][](variable,[]
 []levels[] []=[] []c[][]([][]"V1"[][],[] []"V2"[][]),[][]labels[] []=[] []c[][
]([][]"BTC"[][],[] []"S&P"[][])))[][]%>%[][] 
 []


Overfull \hbox (21.0268pt too wide) in paragraph at lines 131--131
[]\OT1/cmtt/m/it/10 ## `stat[]bin()` using `bins = 30`. Pick better value with 
`binwidth`.[] 
 []

<figure/unnamed-chunk-2-1.pdf, id=17, 505.89pt x 505.89pt>
File: figure/unnamed-chunk-2-1.pdf Graphic file (type pdf)
<use figure/unnamed-chunk-2-1.pdf>
Package pdftex.def Info: figure/unnamed-chunk-2-1.pdf  used on input line 132.
(pdftex.def)             Requested size: 578.1718pt x 361.35352pt.

Overfull \hbox (248.1718pt too wide) in paragraph at lines 132--134
[][]
 []

[2] [3 <./figure/unnamed-chunk-2-1.pdf>]
Package color Info: Redefining color shadecolor on input line 140.

Overfull \hbox (122.24593pt too wide) in paragraph at lines 145--145
[]  []\OT1/cmtt/m/n/10 mutate[][]([][]variable[] []=[] []factor[][](variable,[]
 []levels[] []=[] []c[][]([][]"V1"[][],[] []"V2"[][]),[][]labels[] []=[] []c[][
]([][]"BTC"[][],[] []"S&P"[][])))[][]%>%[][] 
 []


Overfull \hbox (21.0268pt too wide) in paragraph at lines 155--155
[]\OT1/cmtt/m/it/10 ## `stat[]bin()` using `bins = 30`. Pick better value with 
`binwidth`.[] 
 []

<figure/unnamed-chunk-3-1.pdf, id=31, 505.89pt x 505.89pt>
File: figure/unnamed-chunk-3-1.pdf Graphic file (type pdf)
<use figure/unnamed-chunk-3-1.pdf>
Package pdftex.def Info: figure/unnamed-chunk-3-1.pdf  used on input line 156.
(pdftex.def)             Requested size: 578.1718pt x 361.35352pt.

Overfull \hbox (248.1718pt too wide) in paragraph at lines 156--158
[][]
 []

[4

 <./figure/unnamed-chunk-3-1.pdf>]
Package color Info: Redefining color shadecolor on input line 163.

Overfull \hbox (21.0268pt too wide) in paragraph at lines 171--171
[]\OT1/cmtt/m/it/10 ## `stat[]bin()` using `bins = 30`. Pick better value with 
`binwidth`.[] 
 []

<figure/unnamed-chunk-4-1.pdf, id=40, 505.89pt x 505.89pt>
File: figure/unnamed-chunk-4-1.pdf Graphic file (type pdf)
<use figure/unnamed-chunk-4-1.pdf>
Package pdftex.def Info: figure/unnamed-chunk-4-1.pdf  used on input line 172.
(pdftex.def)             Requested size: 361.35352pt x 361.35352pt.

Overfull \hbox (31.35352pt too wide) in paragraph at lines 172--174
[][]
 []

[5

 <./figure/unnamed-chunk-4-1.pdf>] (./meeting_notes_061021.aux) ) 
Here is how much of TeX's memory you used:
 1735 strings out of 480694
 25875 string characters out of 5901473
 330715 words of memory out of 5000000
 19217 multiletter control sequences out of 15000+600000
 408187 words of font info for 44 fonts, out of 8000000 for 9000
 14 hyphenation exceptions out of 8191
 57i,14n,66p,879b,278s stack positions out of 5000i,500n,10000p,200000b,80000s
</Users/000766
412/Library/TinyTeX/texmf-dist/fonts/type1/public/amsfonts/cm/cmbx12.pfb></User
s/000766412/Library/TinyTeX/texmf-dist/fonts/type1/public/amsfonts/cm/cmex10.pf
b></Users/000766412/Library/TinyTeX/texmf-dist/fonts/type1/public/amsfonts/cm/c
mitt10.pfb></Users/000766412/Library/TinyTeX/texmf-dist/fonts/type1/public/amsf
onts/cm/cmmi10.pfb></Users/000766412/Library/TinyTeX/texmf-dist/fonts/type1/pub
lic/amsfonts/cm/cmmi5.pfb></Users/000766412/Library/TinyTeX/texmf-dist/fonts/ty
pe1/public/amsfonts/cm/cmmi7.pfb></Users/000766412/Library/TinyTeX/texmf-dist/f
onts/type1/public/amsfonts/cm/cmmib10.pfb></Users/000766412/Library/TinyTeX/tex
mf-dist/fonts/type1/public/amsfonts/cm/cmr10.pfb></Users/000766412/Library/Tiny
TeX/texmf-dist/fonts/type1/public/amsfonts/cm/cmr5.pfb></Users/000766412/Librar
y/TinyTeX/texmf-dist/fonts/type1/public/amsfonts/cm/cmr7.pfb></Users/000766412/
Library/TinyTeX/texmf-dist/fonts/type1/public/amsfonts/cm/cmsy10.pfb></Users/00
0766412/Library/TinyTeX/texmf-dist/fonts/type1/public/amsfonts/cm/cmsy7.pfb></U
sers/000766412/Library/TinyTeX/texmf-dist/fonts/type1/public/amsfonts/cm/cmtt10
.pfb>
Output written on meeting_notes_061021.pdf (5 pages, 149938 bytes).
PDF statistics:
 90 PDF objects out of 1000 (max. 8388607)
 63 compressed objects within 1 object stream
 0 named destinations out of 1000 (max. 500000)
 16 words of extra memory for PDF output out of 10000 (max. 10000000)

